<?xml version="1.0" encoding="UTF-8"?>
<!-- Generated by org.testng.reporters.JUnitReportReporter -->
<testsuite skipped="0" hostname="DESKTOP-SC9RK3H" name="mavenProject.GoogleTest" tests="1" failures="0" timestamp="07 Mar 2019 09:50:32 GMT" time="0.019" errors="0">
  <testcase name="GoogleLaunchTest" time="0.019" classname="mavenProject.GoogleTest"/>
</testsuite> <!-- mavenProject.GoogleTest -->
